2021-01-27 20:29:02 INFO   file:33 - Сервер запущен MyServer
2021-01-27 20:29:12 INFO   file:53 - Клиент подключился MyServer
2021-01-27 20:31:26 INFO   file:53 - Клиент подключился MyServer
2021-01-27 20:33:27 INFO   file:53 - Клиент подключился MyServer
2021-01-27 20:33:55 INFO   file:33 - Сервер запущен MyServer
2021-01-27 20:34:16 INFO   file:53 - Клиент подключился MyServer
2021-01-27 20:36:21 INFO   file:53 - Клиент подключился MyServer
2021-01-27 20:36:35 INFO   file:53 - Клиент подключился MyServer
2021-01-27 20:40:21 INFO   file:53 - Клиент подключился MyServer
2021-01-27 20:43:28 INFO   file:53 - Клиент подключился MyServer
2021-01-27 20:43:50 INFO   file:53 - Клиент подключился MyServer
2021-01-27 20:47:38 INFO   file:53 - Клиент подключился MyServer
2021-01-27 20:52:40 INFO   file:53 - Клиент подключился MyServer
2021-01-27 20:53:24 INFO   file:53 - Клиент подключился MyServer
2021-01-27 20:53:50 INFO   file:53 - Клиент подключился MyServer
2021-01-27 20:54:26 INFO   file:53 - Клиент подключился MyServer
2021-01-27 20:54:41 INFO   file:53 - Клиент подключился MyServer
2021-01-27 20:54:56 INFO   file:53 - Клиент подключился MyServer
2021-01-27 20:55:15 INFO   file:53 - Клиент подключился MyServer
2021-01-27 20:55:58 INFO   file:53 - Клиент подключился MyServer
2021-01-27 20:56:25 INFO   file:53 - Клиент подключился MyServer
2021-01-27 20:56:35 INFO   file:53 - Клиент подключился MyServer
2021-01-27 20:57:01 INFO   file:33 - Сервер запущен MyServer
2021-01-27 20:57:10 INFO   file:53 - Клиент подключился MyServer
2021-01-27 20:57:15 INFO   file:53 - Клиент подключился MyServer
2021-01-27 20:59:16 INFO   file:53 - Клиент подключился MyServer
2021-01-27 20:59:43 INFO   file:53 - Клиент подключился MyServer
2021-01-27 20:59:54 INFO   file:53 - Клиент подключился MyServer
2021-01-27 21:00:03 INFO   file:53 - Клиент подключился MyServer
2021-01-27 21:28:32 INFO   file:33 - Сервер запущен MyServer
2021-01-27 21:28:36 INFO   file:53 - Клиент подключился MyServer
2021-01-27 21:28:42 INFO   file:79 - Пользователь добавлен, лист пользователей обновлён MyServer
2021-01-27 21:28:42 INFO   file:89 - Пользователь с именем Борис_Николаевич присоединился к чату ClientHandler
2021-01-27 21:30:00 INFO   file:53 - Клиент подключился MyServer
2021-01-27 21:30:40 INFO   file:53 - Клиент подключился MyServer
2021-01-27 21:30:46 INFO   file:79 - Пользователь добавлен, лист пользователей обновлён MyServer
2021-01-27 21:30:46 INFO   file:89 - Пользователь с именем Гендальф_Серый присоединился к чату ClientHandler
2021-01-27 21:40:55 INFO   file:33 - Сервер запущен MyServer
2021-01-27 21:40:58 INFO   file:53 - Клиент подключился MyServer
2021-01-27 21:41:03 INFO   file:79 - Пользователь добавлен, лист пользователей обновлён MyServer
2021-01-27 21:41:03 INFO   file:89 - Пользователь с именем Борис_Николаевич присоединился к чату ClientHandler
2021-01-27 21:41:19 INFO   file:53 - Клиент подключился MyServer
2021-01-27 21:41:49 INFO   file:53 - Клиент подключился MyServer
2021-01-27 21:41:56 INFO   file:79 - Пользователь добавлен, лист пользователей обновлён MyServer
2021-01-27 21:41:56 INFO   file:89 - Пользователь с именем Гендальф_Серый присоединился к чату ClientHandler
2021-01-27 21:42:42 INFO   file:53 - Клиент подключился MyServer
2021-01-27 21:46:08 WARN   file:120 - Соединение потеряно Network
2021-01-27 21:46:10 INFO   file:33 - Сервер запущен MyServer
